<?xml version="1.0" encoding="UTF-8"?>
<testsuite xmlns:xsi="http://www.w3.org/2001/XMLSchema-instance" xsi:noNamespaceSchemaLocation="https://maven.apache.org/surefire/maven-surefire-plugin/xsd/surefire-test-report.xsd" name="com.test.JunitTest" time="2.532" tests="1" errors="0" skipped="0" failures="0">
  <properties>
    <property name="sun.desktop" value="windows"/>
    <property name="awt.toolkit" value="sun.awt.windows.WToolkit"/>
    <property name="java.specification.version" value="11"/>
    <property name="sun.cpu.isalist" value="amd64"/>
    <property name="sun.jnu.encoding" value="GBK"/>
    <property name="java.class.path" value="E:\project\idea_project\collect\target\test-classes;E:\project\idea_project\collect\target\classes;E:\mvnRepo\org\springframework\boot\spring-boot-starter-web\2.3.4.RELEASE\spring-boot-starter-web-2.3.4.RELEASE.jar;E:\mvnRepo\org\springframework\boot\spring-boot-starter\2.3.4.RELEASE\spring-boot-starter-2.3.4.RELEASE.jar;E:\mvnRepo\org\springframework\boot\spring-boot\2.3.4.RELEASE\spring-boot-2.3.4.RELEASE.jar;E:\mvnRepo\org\springframework\boot\spring-boot-autoconfigure\2.3.4.RELEASE\spring-boot-autoconfigure-2.3.4.RELEASE.jar;E:\mvnRepo\org\springframework\boot\spring-boot-starter-logging\2.3.4.RELEASE\spring-boot-starter-logging-2.3.4.RELEASE.jar;E:\mvnRepo\org\apache\logging\log4j\log4j-to-slf4j\2.13.3\log4j-to-slf4j-2.13.3.jar;E:\mvnRepo\org\apache\logging\log4j\log4j-api\2.13.3\log4j-api-2.13.3.jar;E:\mvnRepo\org\slf4j\jul-to-slf4j\1.7.30\jul-to-slf4j-1.7.30.jar;E:\mvnRepo\jakarta\annotation\jakarta.annotation-api\1.3.5\jakarta.annotation-api-1.3.5.jar;E:\mvnRepo\org\yaml\snakeyaml\1.26\snakeyaml-1.26.jar;E:\mvnRepo\org\springframework\boot\spring-boot-starter-json\2.3.4.RELEASE\spring-boot-starter-json-2.3.4.RELEASE.jar;E:\mvnRepo\com\fasterxml\jackson\core\jackson-databind\2.11.2\jackson-databind-2.11.2.jar;E:\mvnRepo\com\fasterxml\jackson\core\jackson-annotations\2.11.2\jackson-annotations-2.11.2.jar;E:\mvnRepo\com\fasterxml\jackson\core\jackson-core\2.11.2\jackson-core-2.11.2.jar;E:\mvnRepo\com\fasterxml\jackson\datatype\jackson-datatype-jdk8\2.11.2\jackson-datatype-jdk8-2.11.2.jar;E:\mvnRepo\com\fasterxml\jackson\datatype\jackson-datatype-jsr310\2.11.2\jackson-datatype-jsr310-2.11.2.jar;E:\mvnRepo\com\fasterxml\jackson\module\jackson-module-parameter-names\2.11.2\jackson-module-parameter-names-2.11.2.jar;E:\mvnRepo\org\springframework\boot\spring-boot-starter-tomcat\2.3.4.RELEASE\spring-boot-starter-tomcat-2.3.4.RELEASE.jar;E:\mvnRepo\org\apache\tomcat\embed\tomcat-embed-core\9.0.38\tomcat-embed-core-9.0.38.jar;E:\mvnRepo\org\glassfish\jakarta.el\3.0.3\jakarta.el-3.0.3.jar;E:\mvnRepo\org\apache\tomcat\embed\tomcat-embed-websocket\9.0.38\tomcat-embed-websocket-9.0.38.jar;E:\mvnRepo\org\springframework\spring-web\5.2.9.RELEASE\spring-web-5.2.9.RELEASE.jar;E:\mvnRepo\org\springframework\spring-beans\5.2.9.RELEASE\spring-beans-5.2.9.RELEASE.jar;E:\mvnRepo\org\springframework\spring-webmvc\5.2.9.RELEASE\spring-webmvc-5.2.9.RELEASE.jar;E:\mvnRepo\org\springframework\spring-aop\5.2.9.RELEASE\spring-aop-5.2.9.RELEASE.jar;E:\mvnRepo\org\springframework\spring-context\5.2.9.RELEASE\spring-context-5.2.9.RELEASE.jar;E:\mvnRepo\org\springframework\spring-expression\5.2.9.RELEASE\spring-expression-5.2.9.RELEASE.jar;E:\mvnRepo\org\slf4j\slf4j-api\1.7.30\slf4j-api-1.7.30.jar;E:\mvnRepo\ch\qos\logback\logback-classic\1.2.3\logback-classic-1.2.3.jar;E:\mvnRepo\ch\qos\logback\logback-core\1.2.3\logback-core-1.2.3.jar;E:\mvnRepo\org\slf4j\jcl-over-slf4j\1.7.30\jcl-over-slf4j-1.7.30.jar;E:\mvnRepo\mysql\mysql-connector-java\5.1.47\mysql-connector-java-5.1.47.jar;E:\mvnRepo\org\mybatis\mybatis\3.5.1\mybatis-3.5.1.jar;E:\mvnRepo\org\mybatis\spring\boot\mybatis-spring-boot-starter\2.1.0\mybatis-spring-boot-starter-2.1.0.jar;E:\mvnRepo\org\springframework\boot\spring-boot-starter-jdbc\2.3.4.RELEASE\spring-boot-starter-jdbc-2.3.4.RELEASE.jar;E:\mvnRepo\com\zaxxer\HikariCP\3.4.5\HikariCP-3.4.5.jar;E:\mvnRepo\org\springframework\spring-jdbc\5.2.9.RELEASE\spring-jdbc-5.2.9.RELEASE.jar;E:\mvnRepo\org\springframework\spring-tx\5.2.9.RELEASE\spring-tx-5.2.9.RELEASE.jar;E:\mvnRepo\org\mybatis\spring\boot\mybatis-spring-boot-autoconfigure\2.1.0\mybatis-spring-boot-autoconfigure-2.1.0.jar;E:\mvnRepo\org\mybatis\mybatis-spring\2.0.2\mybatis-spring-2.0.2.jar;E:\mvnRepo\org\springframework\boot\spring-boot-starter-mail\2.3.4.RELEASE\spring-boot-starter-mail-2.3.4.RELEASE.jar;E:\mvnRepo\org\springframework\spring-context-support\5.2.9.RELEASE\spring-context-support-5.2.9.RELEASE.jar;E:\mvnRepo\com\sun\mail\jakarta.mail\1.6.5\jakarta.mail-1.6.5.jar;E:\mvnRepo\com\sun\activation\jakarta.activation\1.2.2\jakarta.activation-1.2.2.jar;E:\mvnRepo\org\springframework\boot\spring-boot-starter-test\2.3.4.RELEASE\spring-boot-starter-test-2.3.4.RELEASE.jar;E:\mvnRepo\org\springframework\boot\spring-boot-test\2.3.4.RELEASE\spring-boot-test-2.3.4.RELEASE.jar;E:\mvnRepo\org\springframework\boot\spring-boot-test-autoconfigure\2.3.4.RELEASE\spring-boot-test-autoconfigure-2.3.4.RELEASE.jar;E:\mvnRepo\com\jayway\jsonpath\json-path\2.4.0\json-path-2.4.0.jar;E:\mvnRepo\net\minidev\json-smart\2.3\json-smart-2.3.jar;E:\mvnRepo\net\minidev\accessors-smart\1.2\accessors-smart-1.2.jar;E:\mvnRepo\org\ow2\asm\asm\5.0.4\asm-5.0.4.jar;E:\mvnRepo\jakarta\xml\bind\jakarta.xml.bind-api\2.3.3\jakarta.xml.bind-api-2.3.3.jar;E:\mvnRepo\jakarta\activation\jakarta.activation-api\1.2.2\jakarta.activation-api-1.2.2.jar;E:\mvnRepo\org\assertj\assertj-core\3.16.1\assertj-core-3.16.1.jar;E:\mvnRepo\org\hamcrest\hamcrest\2.2\hamcrest-2.2.jar;E:\mvnRepo\org\junit\jupiter\junit-jupiter\5.6.2\junit-jupiter-5.6.2.jar;E:\mvnRepo\org\junit\jupiter\junit-jupiter-api\5.6.2\junit-jupiter-api-5.6.2.jar;E:\mvnRepo\org\opentest4j\opentest4j\1.2.0\opentest4j-1.2.0.jar;E:\mvnRepo\org\junit\platform\junit-platform-commons\1.6.2\junit-platform-commons-1.6.2.jar;E:\mvnRepo\org\junit\jupiter\junit-jupiter-params\5.6.2\junit-jupiter-params-5.6.2.jar;E:\mvnRepo\org\junit\jupiter\junit-jupiter-engine\5.6.2\junit-jupiter-engine-5.6.2.jar;E:\mvnRepo\org\junit\vintage\junit-vintage-engine\5.6.2\junit-vintage-engine-5.6.2.jar;E:\mvnRepo\org\apiguardian\apiguardian-api\1.1.0\apiguardian-api-1.1.0.jar;E:\mvnRepo\org\junit\platform\junit-platform-engine\1.6.2\junit-platform-engine-1.6.2.jar;E:\mvnRepo\junit\junit\4.13\junit-4.13.jar;E:\mvnRepo\org\mockito\mockito-core\3.3.3\mockito-core-3.3.3.jar;E:\mvnRepo\net\bytebuddy\byte-buddy\1.10.14\byte-buddy-1.10.14.jar;E:\mvnRepo\net\bytebuddy\byte-buddy-agent\1.10.14\byte-buddy-agent-1.10.14.jar;E:\mvnRepo\org\objenesis\objenesis\2.6\objenesis-2.6.jar;E:\mvnRepo\org\mockito\mockito-junit-jupiter\3.3.3\mockito-junit-jupiter-3.3.3.jar;E:\mvnRepo\org\skyscreamer\jsonassert\1.5.0\jsonassert-1.5.0.jar;E:\mvnRepo\com\vaadin\external\google\android-json\0.0.20131108.vaadin1\android-json-0.0.20131108.vaadin1.jar;E:\mvnRepo\org\springframework\spring-core\5.2.9.RELEASE\spring-core-5.2.9.RELEASE.jar;E:\mvnRepo\org\springframework\spring-jcl\5.2.9.RELEASE\spring-jcl-5.2.9.RELEASE.jar;E:\mvnRepo\org\springframework\spring-test\5.2.9.RELEASE\spring-test-5.2.9.RELEASE.jar;E:\mvnRepo\org\xmlunit\xmlunit-core\2.7.0\xmlunit-core-2.7.0.jar;E:\mvnRepo\org\aspectj\aspectjweaver\1.9.6\aspectjweaver-1.9.6.jar;E:\mvnRepo\org\apache\commons\commons-lang3\3.10\commons-lang3-3.10.jar;E:\mvnRepo\org\springframework\boot\spring-boot-starter-thymeleaf\2.3.4.RELEASE\spring-boot-starter-thymeleaf-2.3.4.RELEASE.jar;E:\mvnRepo\org\thymeleaf\thymeleaf-spring5\3.0.11.RELEASE\thymeleaf-spring5-3.0.11.RELEASE.jar;E:\mvnRepo\org\thymeleaf\thymeleaf\3.0.11.RELEASE\thymeleaf-3.0.11.RELEASE.jar;E:\mvnRepo\org\attoparser\attoparser\2.0.5.RELEASE\attoparser-2.0.5.RELEASE.jar;E:\mvnRepo\org\unbescape\unbescape\1.1.6.RELEASE\unbescape-1.1.6.RELEASE.jar;E:\mvnRepo\org\thymeleaf\extras\thymeleaf-extras-java8time\3.0.4.RELEASE\thymeleaf-extras-java8time-3.0.4.RELEASE.jar;"/>
    <property name="java.vm.vendor" value="JetBrains s.r.o"/>
    <property name="sun.arch.data.model" value="64"/>
    <property name="user.variant" value=""/>
    <property name="java.vendor.url" value="https://www.jetbrains.com/"/>
    <property name="user.timezone" value="Asia/Shanghai"/>
    <property name="java.vm.specification.version" value="11"/>
    <property name="os.name" value="Windows 10"/>
    <property name="sun.java.launcher" value="SUN_STANDARD"/>
    <property name="user.country" value="CN"/>
    <property name="sun.boot.library.path" value="E:\dev\ideaIU-2019.3.3.win\jbr\bin"/>
    <property name="sun.java.command" value="C:\Users\DeFan\AppData\Local\Temp\surefire8761800615540756300\surefirebooter16853854183561995892.jar C:\Users\DeFan\AppData\Local\Temp\surefire8761800615540756300 2021-04-14T17-52-45_227-jvmRun1 surefire10847979499836266654tmp surefire_09207709900370230204tmp"/>
    <property name="jdk.debug" value="release"/>
    <property name="surefire.test.class.path" value="E:\project\idea_project\collect\target\test-classes;E:\project\idea_project\collect\target\classes;E:\mvnRepo\org\springframework\boot\spring-boot-starter-web\2.3.4.RELEASE\spring-boot-starter-web-2.3.4.RELEASE.jar;E:\mvnRepo\org\springframework\boot\spring-boot-starter\2.3.4.RELEASE\spring-boot-starter-2.3.4.RELEASE.jar;E:\mvnRepo\org\springframework\boot\spring-boot\2.3.4.RELEASE\spring-boot-2.3.4.RELEASE.jar;E:\mvnRepo\org\springframework\boot\spring-boot-autoconfigure\2.3.4.RELEASE\spring-boot-autoconfigure-2.3.4.RELEASE.jar;E:\mvnRepo\org\springframework\boot\spring-boot-starter-logging\2.3.4.RELEASE\spring-boot-starter-logging-2.3.4.RELEASE.jar;E:\mvnRepo\org\apache\logging\log4j\log4j-to-slf4j\2.13.3\log4j-to-slf4j-2.13.3.jar;E:\mvnRepo\org\apache\logging\log4j\log4j-api\2.13.3\log4j-api-2.13.3.jar;E:\mvnRepo\org\slf4j\jul-to-slf4j\1.7.30\jul-to-slf4j-1.7.30.jar;E:\mvnRepo\jakarta\annotation\jakarta.annotation-api\1.3.5\jakarta.annotation-api-1.3.5.jar;E:\mvnRepo\org\yaml\snakeyaml\1.26\snakeyaml-1.26.jar;E:\mvnRepo\org\springframework\boot\spring-boot-starter-json\2.3.4.RELEASE\spring-boot-starter-json-2.3.4.RELEASE.jar;E:\mvnRepo\com\fasterxml\jackson\core\jackson-databind\2.11.2\jackson-databind-2.11.2.jar;E:\mvnRepo\com\fasterxml\jackson\core\jackson-annotations\2.11.2\jackson-annotations-2.11.2.jar;E:\mvnRepo\com\fasterxml\jackson\core\jackson-core\2.11.2\jackson-core-2.11.2.jar;E:\mvnRepo\com\fasterxml\jackson\datatype\jackson-datatype-jdk8\2.11.2\jackson-datatype-jdk8-2.11.2.jar;E:\mvnRepo\com\fasterxml\jackson\datatype\jackson-datatype-jsr310\2.11.2\jackson-datatype-jsr310-2.11.2.jar;E:\mvnRepo\com\fasterxml\jackson\module\jackson-module-parameter-names\2.11.2\jackson-module-parameter-names-2.11.2.jar;E:\mvnRepo\org\springframework\boot\spring-boot-starter-tomcat\2.3.4.RELEASE\spring-boot-starter-tomcat-2.3.4.RELEASE.jar;E:\mvnRepo\org\apache\tomcat\embed\tomcat-embed-core\9.0.38\tomcat-embed-core-9.0.38.jar;E:\mvnRepo\org\glassfish\jakarta.el\3.0.3\jakarta.el-3.0.3.jar;E:\mvnRepo\org\apache\tomcat\embed\tomcat-embed-websocket\9.0.38\tomcat-embed-websocket-9.0.38.jar;E:\mvnRepo\org\springframework\spring-web\5.2.9.RELEASE\spring-web-5.2.9.RELEASE.jar;E:\mvnRepo\org\springframework\spring-beans\5.2.9.RELEASE\spring-beans-5.2.9.RELEASE.jar;E:\mvnRepo\org\springframework\spring-webmvc\5.2.9.RELEASE\spring-webmvc-5.2.9.RELEASE.jar;E:\mvnRepo\org\springframework\spring-aop\5.2.9.RELEASE\spring-aop-5.2.9.RELEASE.jar;E:\mvnRepo\org\springframework\spring-context\5.2.9.RELEASE\spring-context-5.2.9.RELEASE.jar;E:\mvnRepo\org\springframework\spring-expression\5.2.9.RELEASE\spring-expression-5.2.9.RELEASE.jar;E:\mvnRepo\org\slf4j\slf4j-api\1.7.30\slf4j-api-1.7.30.jar;E:\mvnRepo\ch\qos\logback\logback-classic\1.2.3\logback-classic-1.2.3.jar;E:\mvnRepo\ch\qos\logback\logback-core\1.2.3\logback-core-1.2.3.jar;E:\mvnRepo\org\slf4j\jcl-over-slf4j\1.7.30\jcl-over-slf4j-1.7.30.jar;E:\mvnRepo\mysql\mysql-connector-java\5.1.47\mysql-connector-java-5.1.47.jar;E:\mvnRepo\org\mybatis\mybatis\3.5.1\mybatis-3.5.1.jar;E:\mvnRepo\org\mybatis\spring\boot\mybatis-spring-boot-starter\2.1.0\mybatis-spring-boot-starter-2.1.0.jar;E:\mvnRepo\org\springframework\boot\spring-boot-starter-jdbc\2.3.4.RELEASE\spring-boot-starter-jdbc-2.3.4.RELEASE.jar;E:\mvnRepo\com\zaxxer\HikariCP\3.4.5\HikariCP-3.4.5.jar;E:\mvnRepo\org\springframework\spring-jdbc\5.2.9.RELEASE\spring-jdbc-5.2.9.RELEASE.jar;E:\mvnRepo\org\springframework\spring-tx\5.2.9.RELEASE\spring-tx-5.2.9.RELEASE.jar;E:\mvnRepo\org\mybatis\spring\boot\mybatis-spring-boot-autoconfigure\2.1.0\mybatis-spring-boot-autoconfigure-2.1.0.jar;E:\mvnRepo\org\mybatis\mybatis-spring\2.0.2\mybatis-spring-2.0.2.jar;E:\mvnRepo\org\springframework\boot\spring-boot-starter-mail\2.3.4.RELEASE\spring-boot-starter-mail-2.3.4.RELEASE.jar;E:\mvnRepo\org\springframework\spring-context-support\5.2.9.RELEASE\spring-context-support-5.2.9.RELEASE.jar;E:\mvnRepo\com\sun\mail\jakarta.mail\1.6.5\jakarta.mail-1.6.5.jar;E:\mvnRepo\com\sun\activation\jakarta.activation\1.2.2\jakarta.activation-1.2.2.jar;E:\mvnRepo\org\springframework\boot\spring-boot-starter-test\2.3.4.RELEASE\spring-boot-starter-test-2.3.4.RELEASE.jar;E:\mvnRepo\org\springframework\boot\spring-boot-test\2.3.4.RELEASE\spring-boot-test-2.3.4.RELEASE.jar;E:\mvnRepo\org\springframework\boot\spring-boot-test-autoconfigure\2.3.4.RELEASE\spring-boot-test-autoconfigure-2.3.4.RELEASE.jar;E:\mvnRepo\com\jayway\jsonpath\json-path\2.4.0\json-path-2.4.0.jar;E:\mvnRepo\net\minidev\json-smart\2.3\json-smart-2.3.jar;E:\mvnRepo\net\minidev\accessors-smart\1.2\accessors-smart-1.2.jar;E:\mvnRepo\org\ow2\asm\asm\5.0.4\asm-5.0.4.jar;E:\mvnRepo\jakarta\xml\bind\jakarta.xml.bind-api\2.3.3\jakarta.xml.bind-api-2.3.3.jar;E:\mvnRepo\jakarta\activation\jakarta.activation-api\1.2.2\jakarta.activation-api-1.2.2.jar;E:\mvnRepo\org\assertj\assertj-core\3.16.1\assertj-core-3.16.1.jar;E:\mvnRepo\org\hamcrest\hamcrest\2.2\hamcrest-2.2.jar;E:\mvnRepo\org\junit\jupiter\junit-jupiter\5.6.2\junit-jupiter-5.6.2.jar;E:\mvnRepo\org\junit\jupiter\junit-jupiter-api\5.6.2\junit-jupiter-api-5.6.2.jar;E:\mvnRepo\org\opentest4j\opentest4j\1.2.0\opentest4j-1.2.0.jar;E:\mvnRepo\org\junit\platform\junit-platform-commons\1.6.2\junit-platform-commons-1.6.2.jar;E:\mvnRepo\org\junit\jupiter\junit-jupiter-params\5.6.2\junit-jupiter-params-5.6.2.jar;E:\mvnRepo\org\junit\jupiter\junit-jupiter-engine\5.6.2\junit-jupiter-engine-5.6.2.jar;E:\mvnRepo\org\junit\vintage\junit-vintage-engine\5.6.2\junit-vintage-engine-5.6.2.jar;E:\mvnRepo\org\apiguardian\apiguardian-api\1.1.0\apiguardian-api-1.1.0.jar;E:\mvnRepo\org\junit\platform\junit-platform-engine\1.6.2\junit-platform-engine-1.6.2.jar;E:\mvnRepo\junit\junit\4.13\junit-4.13.jar;E:\mvnRepo\org\mockito\mockito-core\3.3.3\mockito-core-3.3.3.jar;E:\mvnRepo\net\bytebuddy\byte-buddy\1.10.14\byte-buddy-1.10.14.jar;E:\mvnRepo\net\bytebuddy\byte-buddy-agent\1.10.14\byte-buddy-agent-1.10.14.jar;E:\mvnRepo\org\objenesis\objenesis\2.6\objenesis-2.6.jar;E:\mvnRepo\org\mockito\mockito-junit-jupiter\3.3.3\mockito-junit-jupiter-3.3.3.jar;E:\mvnRepo\org\skyscreamer\jsonassert\1.5.0\jsonassert-1.5.0.jar;E:\mvnRepo\com\vaadin\external\google\android-json\0.0.20131108.vaadin1\android-json-0.0.20131108.vaadin1.jar;E:\mvnRepo\org\springframework\spring-core\5.2.9.RELEASE\spring-core-5.2.9.RELEASE.jar;E:\mvnRepo\org\springframework\spring-jcl\5.2.9.RELEASE\spring-jcl-5.2.9.RELEASE.jar;E:\mvnRepo\org\springframework\spring-test\5.2.9.RELEASE\spring-test-5.2.9.RELEASE.jar;E:\mvnRepo\org\xmlunit\xmlunit-core\2.7.0\xmlunit-core-2.7.0.jar;E:\mvnRepo\org\aspectj\aspectjweaver\1.9.6\aspectjweaver-1.9.6.jar;E:\mvnRepo\org\apache\commons\commons-lang3\3.10\commons-lang3-3.10.jar;E:\mvnRepo\org\springframework\boot\spring-boot-starter-thymeleaf\2.3.4.RELEASE\spring-boot-starter-thymeleaf-2.3.4.RELEASE.jar;E:\mvnRepo\org\thymeleaf\thymeleaf-spring5\3.0.11.RELEASE\thymeleaf-spring5-3.0.11.RELEASE.jar;E:\mvnRepo\org\thymeleaf\thymeleaf\3.0.11.RELEASE\thymeleaf-3.0.11.RELEASE.jar;E:\mvnRepo\org\attoparser\attoparser\2.0.5.RELEASE\attoparser-2.0.5.RELEASE.jar;E:\mvnRepo\org\unbescape\unbescape\1.1.6.RELEASE\unbescape-1.1.6.RELEASE.jar;E:\mvnRepo\org\thymeleaf\extras\thymeleaf-extras-java8time\3.0.4.RELEASE\thymeleaf-extras-java8time-3.0.4.RELEASE.jar;"/>
    <property name="sun.cpu.endian" value="little"/>
    <property name="user.home" value="C:\Users\DeFan"/>
    <property name="user.language" value="zh"/>
    <property name="java.specification.vendor" value="Oracle Corporation"/>
    <property name="java.version.date" value="2019-10-15"/>
    <property name="java.home" value="E:\dev\ideaIU-2019.3.3.win\jbr"/>
    <property name="file.separator" value="\"/>
    <property name="basedir" value="E:\project\idea_project\collect"/>
    <property name="java.vm.compressedOopsMode" value="Zero based"/>
    <property name="line.separator" value="&#10;"/>
    <property name="java.specification.name" value="Java Platform API Specification"/>
    <property name="java.vm.specification.vendor" value="Oracle Corporation"/>
    <property name="java.awt.graphicsenv" value="sun.awt.Win32GraphicsEnvironment"/>
    <property name="surefire.real.class.path" value="C:\Users\DeFan\AppData\Local\Temp\surefire8761800615540756300\surefirebooter16853854183561995892.jar"/>
    <property name="user.script" value=""/>
    <property name="sun.management.compiler" value="HotSpot 64-Bit Tiered Compilers"/>
    <property name="java.runtime.version" value="11.0.5+10-b520.38"/>
    <property name="user.name" value="DeFan"/>
    <property name="path.separator" value=";"/>
    <property name="os.version" value="10.0"/>
    <property name="java.runtime.name" value="OpenJDK Runtime Environment"/>
    <property name="file.encoding" value="GBK"/>
    <property name="java.vm.name" value="OpenJDK 64-Bit Server VM"/>
    <property name="localRepository" value="E:\mvnRepo"/>
    <property name="java.vendor.url.bug" value="https://youtrack.jetbrains.com"/>
    <property name="java.io.tmpdir" value="C:\Users\DeFan\AppData\Local\Temp\"/>
    <property name="java.version" value="11.0.5"/>
    <property name="user.dir" value="E:\project\idea_project\collect"/>
    <property name="os.arch" value="amd64"/>
    <property name="java.vm.specification.name" value="Java Virtual Machine Specification"/>
    <property name="java.awt.printerjob" value="sun.awt.windows.WPrinterJob"/>
    <property name="sun.os.patch.level" value=""/>
    <property name="idea.version2019.3.3" value="true"/>
    <property name="java.library.path" value="E:\dev\ideaIU-2019.3.3.win\jbr\bin;C:\Windows\Sun\Java\bin;C:\Windows\system32;C:\Windows;C:\Program Files (x86)\Common Files\NetSarang;C:\Program Files\Common Files\Oracle\Java\javapath;C:\Windows\system32;C:\Windows;C:\Windows\System32\Wbem;C:\Windows\System32\WindowsPowerShell\v1.0\;C:\Windows\System32\OpenSSH\;E:\dev\MySQL\MySQL Server 5.0\bin;E:\dev\Git\cmd;E:\dev\Rational\common;E:\dev\Python\Python38\Scripts\;E:\dev\Python\Python38\;C:\Users\DeFan\AppData\Local\Microsoft\WindowsApps;E:\dev\Java\jdk-11.0.10\bin;E:\dev\apache-maven-3.6.3\bin;E:\dev\Microsoft VS Code\bin;;."/>
    <property name="java.vendor" value="JetBrains s.r.o"/>
    <property name="java.vm.info" value="mixed mode"/>
    <property name="java.vm.version" value="11.0.5+10-b520.38"/>
    <property name="sun.io.unicode.encoding" value="UnicodeLittle"/>
    <property name="java.class.version" value="55.0"/>
  </properties>
  <testcase name="test" classname="com.test.JunitTest" time="0.297"/>
</testsuite>